{"/home/runner/work/walk-to-mordor/walk-to-mordor/public/wtm/js/reset-cache-version.js": {"path":"/home/runner/work/walk-to-mordor/walk-to-mordor/public/wtm/js/reset-cache-version.js","statementMap":{"0":{"start":{"line":8,"column":11},"end":{"line":8,"column":24}},"1":{"start":{"line":9,"column":13},"end":{"line":9,"column":28}},"2":{"start":{"line":11,"column":16},"end":{"line":11,"column":51}},"3":{"start":{"line":12,"column":36},"end":{"line":12,"column":57}},"4":{"start":{"line":15,"column":2},"end":{"line":46,"column":3}},"5":{"start":{"line":17,"column":20},"end":{"line":17,"column":52}},"6":{"start":{"line":20,"column":27},"end":{"line":20,"column":71}},"7":{"start":{"line":21,"column":28},"end":{"line":21,"column":99}},"8":{"start":{"line":23,"column":4},"end":{"line":28,"column":5}},"9":{"start":{"line":24,"column":6},"end":{"line":24,"column":69}},"10":{"start":{"line":26,"column":6},"end":{"line":26,"column":72}},"11":{"start":{"line":27,"column":6},"end":{"line":27,"column":13}},"12":{"start":{"line":31,"column":27},"end":{"line":31,"column":61}},"13":{"start":{"line":32,"column":32},"end":{"line":32,"column":91}},"14":{"start":{"line":34,"column":4},"end":{"line":36,"column":5}},"15":{"start":{"line":35,"column":6},"end":{"line":35,"column":73}},"16":{"start":{"line":39,"column":4},"end":{"line":39,"column":49}},"17":{"start":{"line":41,"column":4},"end":{"line":41,"column":83}},"18":{"start":{"line":44,"column":4},"end":{"line":44,"column":69}},"19":{"start":{"line":45,"column":4},"end":{"line":45,"column":20}},"20":{"start":{"line":50,"column":0},"end":{"line":52,"column":1}},"21":{"start":{"line":51,"column":2},"end":{"line":51,"column":22}},"22":{"start":{"line":54,"column":0},"end":{"line":54,"column":39}}},"fnMap":{"0":{"name":"resetCacheVersion","decl":{"start":{"line":14,"column":9},"end":{"line":14,"column":26}},"loc":{"start":{"line":14,"column":29},"end":{"line":47,"column":1}},"line":14}},"branchMap":{"0":{"loc":{"start":{"line":23,"column":4},"end":{"line":28,"column":5}},"type":"if","locations":[{"start":{"line":23,"column":4},"end":{"line":28,"column":5}},{"start":{"line":25,"column":11},"end":{"line":28,"column":5}}],"line":23},"1":{"loc":{"start":{"line":34,"column":4},"end":{"line":36,"column":5}},"type":"if","locations":[{"start":{"line":34,"column":4},"end":{"line":36,"column":5}},{"start":{},"end":{}}],"line":34},"2":{"loc":{"start":{"line":50,"column":0},"end":{"line":52,"column":1}},"type":"if","locations":[{"start":{"line":50,"column":0},"end":{"line":52,"column":1}},{"start":{},"end":{}}],"line":50}},"s":{"0":1,"1":1,"2":1,"3":1,"4":7,"5":7,"6":7,"7":7,"8":7,"9":6,"10":1,"11":1,"12":6,"13":6,"14":6,"15":6,"16":6,"17":6,"18":0,"19":0,"20":1,"21":0,"22":1},"f":{"0":7},"b":{"0":[6,1],"1":[6,0],"2":[0,1]},"inputSourceMap":null,"_coverageSchema":"1a1c01bbd47fc00a2c39e90264f33305004495a9","hash":"4ad099058b503f2a1f6186e17a3fe11ca0adf740"}
,"/home/runner/work/walk-to-mordor/walk-to-mordor/public/wtm/js/update-cache-version.js": {"path":"/home/runner/work/walk-to-mordor/walk-to-mordor/public/wtm/js/update-cache-version.js","statementMap":{"0":{"start":{"line":8,"column":11},"end":{"line":8,"column":24}},"1":{"start":{"line":9,"column":13},"end":{"line":9,"column":28}},"2":{"start":{"line":11,"column":16},"end":{"line":11,"column":51}},"3":{"start":{"line":12,"column":36},"end":{"line":12,"column":57}},"4":{"start":{"line":15,"column":2},"end":{"line":43,"column":3}},"5":{"start":{"line":17,"column":16},"end":{"line":17,"column":26}},"6":{"start":{"line":18,"column":22},"end":{"line":21,"column":24}},"7":{"start":{"line":24,"column":20},"end":{"line":24,"column":52}},"8":{"start":{"line":27,"column":4},"end":{"line":30,"column":5}},"9":{"start":{"line":28,"column":6},"end":{"line":28,"column":81}},"10":{"start":{"line":29,"column":6},"end":{"line":29,"column":13}},"11":{"start":{"line":33,"column":4},"end":{"line":33,"column":77}},"12":{"start":{"line":36,"column":4},"end":{"line":36,"column":49}},"13":{"start":{"line":38,"column":4},"end":{"line":38,"column":90}},"14":{"start":{"line":41,"column":4},"end":{"line":41,"column":70}},"15":{"start":{"line":42,"column":4},"end":{"line":42,"column":20}},"16":{"start":{"line":47,"column":0},"end":{"line":49,"column":1}},"17":{"start":{"line":48,"column":2},"end":{"line":48,"column":23}},"18":{"start":{"line":51,"column":0},"end":{"line":51,"column":40}}},"fnMap":{"0":{"name":"updateCacheVersion","decl":{"start":{"line":14,"column":9},"end":{"line":14,"column":27}},"loc":{"start":{"line":14,"column":30},"end":{"line":44,"column":1}},"line":14}},"branchMap":{"0":{"loc":{"start":{"line":27,"column":4},"end":{"line":30,"column":5}},"type":"if","locations":[{"start":{"line":27,"column":4},"end":{"line":30,"column":5}},{"start":{},"end":{}}],"line":27},"1":{"loc":{"start":{"line":47,"column":0},"end":{"line":49,"column":1}},"type":"if","locations":[{"start":{"line":47,"column":0},"end":{"line":49,"column":1}},{"start":{},"end":{}}],"line":47}},"s":{"0":1,"1":1,"2":1,"3":1,"4":14,"5":14,"6":14,"7":14,"8":13,"9":1,"10":1,"11":12,"12":12,"13":12,"14":1,"15":1,"16":1,"17":0,"18":1},"f":{"0":14},"b":{"0":[1,12],"1":[0,1]},"inputSourceMap":null,"_coverageSchema":"1a1c01bbd47fc00a2c39e90264f33305004495a9","hash":"5518d28c2f739895c46f6096b2cc9b1d8a1f6429"}
,"/home/runner/work/walk-to-mordor/walk-to-mordor/src/index.ts": {"path":"/home/runner/work/walk-to-mordor/walk-to-mordor/src/index.ts","statementMap":{"0":{"start":{"line":1,"column":0},"end":{"line":1,"column":42}},"1":{"start":{"line":2,"column":0},"end":{"line":2,"column":null}},"2":{"start":{"line":11,"column":0},"end":{"line":356,"column":33}},"3":{"start":{"line":13,"column":16},"end":{"line":13,"column":36}},"4":{"start":{"line":14,"column":19},"end":{"line":14,"column":33}},"5":{"start":{"line":15,"column":20},"end":{"line":15,"column":29}},"6":{"start":{"line":18,"column":4},"end":{"line":23,"column":5}},"7":{"start":{"line":19,"column":28},"end":{"line":19,"column":59}},"8":{"start":{"line":20,"column":6},"end":{"line":22,"column":7}},"9":{"start":{"line":21,"column":8},"end":{"line":21,"column":29}},"10":{"start":{"line":26,"column":4},"end":{"line":43,"column":5}},"11":{"start":{"line":27,"column":6},"end":{"line":42,"column":7}},"12":{"start":{"line":28,"column":8},"end":{"line":41,"column":11}},"13":{"start":{"line":46,"column":4},"end":{"line":60,"column":5}},"14":{"start":{"line":50,"column":26},"end":{"line":50,"column":54}},"15":{"start":{"line":51,"column":6},"end":{"line":58,"column":7}},"16":{"start":{"line":52,"column":8},"end":{"line":57,"column":11}},"17":{"start":{"line":59,"column":6},"end":{"line":59,"column":30}},"18":{"start":{"line":63,"column":4},"end":{"line":330,"column":5}},"19":{"start":{"line":64,"column":31},"end":{"line":64,"column":41}},"20":{"start":{"line":67,"column":6},"end":{"line":74,"column":7}},"21":{"start":{"line":68,"column":8},"end":{"line":73,"column":11}},"22":{"start":{"line":76,"column":6},"end":{"line":83,"column":7}},"23":{"start":{"line":77,"column":8},"end":{"line":82,"column":11}},"24":{"start":{"line":86,"column":6},"end":{"line":93,"column":7}},"25":{"start":{"line":87,"column":8},"end":{"line":92,"column":11}},"26":{"start":{"line":96,"column":6},"end":{"line":128,"column":7}},"27":{"start":{"line":97,"column":20},"end":{"line":97,"column":33}},"28":{"start":{"line":98,"column":8},"end":{"line":105,"column":9}},"29":{"start":{"line":99,"column":10},"end":{"line":104,"column":13}},"30":{"start":{"line":106,"column":8},"end":{"line":113,"column":9}},"31":{"start":{"line":107,"column":10},"end":{"line":112,"column":13}},"32":{"start":{"line":114,"column":8},"end":{"line":121,"column":9}},"33":{"start":{"line":115,"column":10},"end":{"line":120,"column":13}},"34":{"start":{"line":122,"column":8},"end":{"line":127,"column":11}},"35":{"start":{"line":130,"column":6},"end":{"line":165,"column":7}},"36":{"start":{"line":131,"column":8},"end":{"line":135,"column":17}},"37":{"start":{"line":136,"column":8},"end":{"line":143,"column":11}},"38":{"start":{"line":146,"column":8},"end":{"line":146,"column":62}},"39":{"start":{"line":147,"column":8},"end":{"line":157,"column":9}},"40":{"start":{"line":151,"column":10},"end":{"line":156,"column":13}},"41":{"start":{"line":159,"column":8},"end":{"line":164,"column":11}},"42":{"start":{"line":166,"column":11},"end":{"line":330,"column":5}},"43":{"start":{"line":167,"column":31},"end":{"line":167,"column":41}},"44":{"start":{"line":170,"column":6},"end":{"line":177,"column":7}},"45":{"start":{"line":171,"column":8},"end":{"line":176,"column":11}},"46":{"start":{"line":179,"column":6},"end":{"line":186,"column":7}},"47":{"start":{"line":180,"column":8},"end":{"line":185,"column":11}},"48":{"start":{"line":189,"column":6},"end":{"line":196,"column":7}},"49":{"start":{"line":190,"column":8},"end":{"line":195,"column":11}},"50":{"start":{"line":199,"column":6},"end":{"line":206,"column":7}},"51":{"start":{"line":200,"column":8},"end":{"line":205,"column":11}},"52":{"start":{"line":208,"column":6},"end":{"line":240,"column":7}},"53":{"start":{"line":209,"column":23},"end":{"line":213,"column":16}},"54":{"start":{"line":215,"column":8},"end":{"line":222,"column":9}},"55":{"start":{"line":216,"column":10},"end":{"line":221,"column":13}},"56":{"start":{"line":224,"column":8},"end":{"line":231,"column":11}},"57":{"start":{"line":233,"column":8},"end":{"line":233,"column":62}},"58":{"start":{"line":234,"column":8},"end":{"line":239,"column":11}},"59":{"start":{"line":241,"column":11},"end":{"line":330,"column":5}},"60":{"start":{"line":242,"column":24},"end":{"line":242,"column":34}},"61":{"start":{"line":245,"column":6},"end":{"line":252,"column":7}},"62":{"start":{"line":246,"column":8},"end":{"line":251,"column":11}},"63":{"start":{"line":255,"column":6},"end":{"line":262,"column":7}},"64":{"start":{"line":256,"column":8},"end":{"line":261,"column":11}},"65":{"start":{"line":264,"column":6},"end":{"line":294,"column":7}},"66":{"start":{"line":265,"column":8},"end":{"line":265,"column":45}},"67":{"start":{"line":266,"column":23},"end":{"line":268,"column":16}},"68":{"start":{"line":270,"column":8},"end":{"line":277,"column":9}},"69":{"start":{"line":271,"column":10},"end":{"line":276,"column":13}},"70":{"start":{"line":279,"column":8},"end":{"line":285,"column":11}},"71":{"start":{"line":287,"column":8},"end":{"line":287,"column":62}},"72":{"start":{"line":288,"column":8},"end":{"line":293,"column":11}},"73":{"start":{"line":295,"column":11},"end":{"line":330,"column":5}},"74":{"start":{"line":296,"column":6},"end":{"line":313,"column":7}},"75":{"start":{"line":297,"column":28},"end":{"line":297,"column":80}},"76":{"start":{"line":298,"column":30},"end":{"line":301,"column":11}},"77":{"start":{"line":298,"column":96},"end":{"line":301,"column":10}},"78":{"start":{"line":302,"column":8},"end":{"line":304,"column":11}},"79":{"start":{"line":306,"column":8},"end":{"line":306,"column":82}},"80":{"start":{"line":307,"column":8},"end":{"line":312,"column":11}},"81":{"start":{"line":314,"column":11},"end":{"line":330,"column":5}},"82":{"start":{"line":315,"column":6},"end":{"line":329,"column":7}},"83":{"start":{"line":316,"column":28},"end":{"line":316,"column":77}},"84":{"start":{"line":318,"column":8},"end":{"line":320,"column":11}},"85":{"start":{"line":322,"column":8},"end":{"line":322,"column":70}},"86":{"start":{"line":323,"column":8},"end":{"line":328,"column":11}},"87":{"start":{"line":333,"column":4},"end":{"line":354,"column":5}},"88":{"start":{"line":334,"column":26},"end":{"line":334,"column":78}},"89":{"start":{"line":335,"column":28},"end":{"line":339,"column":null}},"90":{"start":{"line":337,"column":24},"end":{"line":337,"column":42}},"91":{"start":{"line":341,"column":6},"end":{"line":345,"column":9}},"92":{"start":{"line":347,"column":6},"end":{"line":347,"column":72}},"93":{"start":{"line":349,"column":6},"end":{"line":353,"column":9}}},"fnMap":{"0":{"name":"(anonymous_0)","decl":{"start":{"line":12,"column":2},"end":{"line":12,"column":7}},"loc":{"start":{"line":12,"column":26},"end":{"line":355,"column":3}}},"1":{"name":"(anonymous_1)","decl":{"start":{"line":298,"column":88},"end":{"line":298,"column":91}},"loc":{"start":{"line":298,"column":96},"end":{"line":301,"column":10}}},"2":{"name":"(anonymous_2)","decl":{"start":{"line":337,"column":10},"end":{"line":337,"column":11}},"loc":{"start":{"line":337,"column":24},"end":{"line":337,"column":42}}}},"branchMap":{"0":{"loc":{"start":{"line":18,"column":4},"end":{"line":23,"column":5}},"type":"if","locations":[{"start":{"line":18,"column":4},"end":{"line":23,"column":5}}]},"1":{"loc":{"start":{"line":18,"column":8},"end":{"line":18,"column":45}},"type":"binary-expr","locations":[{"start":{"line":18,"column":8},"end":{"line":18,"column":24}},{"start":{"line":18,"column":28},"end":{"line":18,"column":45}}]},"2":{"loc":{"start":{"line":20,"column":6},"end":{"line":22,"column":7}},"type":"if","locations":[{"start":{"line":20,"column":6},"end":{"line":22,"column":7}}]},"3":{"loc":{"start":{"line":26,"column":4},"end":{"line":43,"column":5}},"type":"if","locations":[{"start":{"line":26,"column":4},"end":{"line":43,"column":5}}]},"4":{"loc":{"start":{"line":27,"column":6},"end":{"line":42,"column":7}},"type":"if","locations":[{"start":{"line":27,"column":6},"end":{"line":42,"column":7}}]},"5":{"loc":{"start":{"line":30,"column":26},"end":{"line":32,"column":21}},"type":"cond-expr","locations":[{"start":{"line":31,"column":14},"end":{"line":31,"column":46}},{"start":{"line":32,"column":14},"end":{"line":32,"column":21}}]},"6":{"loc":{"start":{"line":37,"column":21},"end":{"line":39,"column":21}},"type":"cond-expr","locations":[{"start":{"line":38,"column":16},"end":{"line":38,"column":40}},{"start":{"line":39,"column":16},"end":{"line":39,"column":21}}]},"7":{"loc":{"start":{"line":46,"column":4},"end":{"line":60,"column":5}},"type":"if","locations":[{"start":{"line":46,"column":4},"end":{"line":60,"column":5}}]},"8":{"loc":{"start":{"line":47,"column":6},"end":{"line":48,"column":68}},"type":"binary-expr","locations":[{"start":{"line":47,"column":6},"end":{"line":47,"column":51}},{"start":{"line":48,"column":7},"end":{"line":48,"column":24}},{"start":{"line":48,"column":28},"end":{"line":48,"column":44}},{"start":{"line":48,"column":48},"end":{"line":48,"column":67}}]},"9":{"loc":{"start":{"line":51,"column":6},"end":{"line":58,"column":7}},"type":"if","locations":[{"start":{"line":51,"column":6},"end":{"line":58,"column":7}}]},"10":{"loc":{"start":{"line":53,"column":17},"end":{"line":53,"column":60}},"type":"binary-expr","locations":[{"start":{"line":53,"column":17},"end":{"line":53,"column":34}},{"start":{"line":53,"column":38},"end":{"line":53,"column":60}}]},"11":{"loc":{"start":{"line":63,"column":4},"end":{"line":330,"column":5}},"type":"if","locations":[{"start":{"line":63,"column":4},"end":{"line":330,"column":5}},{"start":{"line":166,"column":11},"end":{"line":330,"column":5}}]},"12":{"loc":{"start":{"line":63,"column":8},"end":{"line":63,"column":74}},"type":"binary-expr","locations":[{"start":{"line":63,"column":8},"end":{"line":63,"column":53}},{"start":{"line":63,"column":57},"end":{"line":63,"column":74}}]},"13":{"loc":{"start":{"line":64,"column":31},"end":{"line":64,"column":41}},"type":"binary-expr","locations":[{"start":{"line":64,"column":31},"end":{"line":64,"column":35}},{"start":{"line":64,"column":39},"end":{"line":64,"column":41}}]},"14":{"loc":{"start":{"line":67,"column":6},"end":{"line":74,"column":7}},"type":"if","locations":[{"start":{"line":67,"column":6},"end":{"line":74,"column":7}}]},"15":{"loc":{"start":{"line":76,"column":6},"end":{"line":83,"column":7}},"type":"if","locations":[{"start":{"line":76,"column":6},"end":{"line":83,"column":7}}]},"16":{"loc":{"start":{"line":86,"column":6},"end":{"line":93,"column":7}},"type":"if","locations":[{"start":{"line":86,"column":6},"end":{"line":93,"column":7}}]},"17":{"loc":{"start":{"line":96,"column":6},"end":{"line":128,"column":7}},"type":"if","locations":[{"start":{"line":96,"column":6},"end":{"line":128,"column":7}}]},"18":{"loc":{"start":{"line":98,"column":8},"end":{"line":105,"column":9}},"type":"if","locations":[{"start":{"line":98,"column":8},"end":{"line":105,"column":9}}]},"19":{"loc":{"start":{"line":98,"column":12},"end":{"line":98,"column":40}},"type":"binary-expr","locations":[{"start":{"line":98,"column":12},"end":{"line":98,"column":22}},{"start":{"line":98,"column":26},"end":{"line":98,"column":40}}]},"20":{"loc":{"start":{"line":106,"column":8},"end":{"line":113,"column":9}},"type":"if","locations":[{"start":{"line":106,"column":8},"end":{"line":113,"column":9}}]},"21":{"loc":{"start":{"line":114,"column":8},"end":{"line":121,"column":9}},"type":"if","locations":[{"start":{"line":114,"column":8},"end":{"line":121,"column":9}}]},"22":{"loc":{"start":{"line":147,"column":8},"end":{"line":157,"column":9}},"type":"if","locations":[{"start":{"line":147,"column":8},"end":{"line":157,"column":9}}]},"23":{"loc":{"start":{"line":147,"column":12},"end":{"line":150,"column":58}},"type":"binary-expr","locations":[{"start":{"line":147,"column":12},"end":{"line":147,"column":63}},{"start":{"line":148,"column":12},"end":{"line":148,"column":56}},{"start":{"line":149,"column":12},"end":{"line":149,"column":63}},{"start":{"line":150,"column":12},"end":{"line":150,"column":58}}]},"24":{"loc":{"start":{"line":166,"column":11},"end":{"line":330,"column":5}},"type":"if","locations":[{"start":{"line":166,"column":11},"end":{"line":330,"column":5}},{"start":{"line":241,"column":11},"end":{"line":330,"column":5}}]},"25":{"loc":{"start":{"line":166,"column":15},"end":{"line":166,"column":80}},"type":"binary-expr","locations":[{"start":{"line":166,"column":15},"end":{"line":166,"column":60}},{"start":{"line":166,"column":64},"end":{"line":166,"column":80}}]},"26":{"loc":{"start":{"line":167,"column":31},"end":{"line":167,"column":41}},"type":"binary-expr","locations":[{"start":{"line":167,"column":31},"end":{"line":167,"column":35}},{"start":{"line":167,"column":39},"end":{"line":167,"column":41}}]},"27":{"loc":{"start":{"line":170,"column":6},"end":{"line":177,"column":7}},"type":"if","locations":[{"start":{"line":170,"column":6},"end":{"line":177,"column":7}}]},"28":{"loc":{"start":{"line":179,"column":6},"end":{"line":186,"column":7}},"type":"if","locations":[{"start":{"line":179,"column":6},"end":{"line":186,"column":7}}]},"29":{"loc":{"start":{"line":189,"column":6},"end":{"line":196,"column":7}},"type":"if","locations":[{"start":{"line":189,"column":6},"end":{"line":196,"column":7}}]},"30":{"loc":{"start":{"line":199,"column":6},"end":{"line":206,"column":7}},"type":"if","locations":[{"start":{"line":199,"column":6},"end":{"line":206,"column":7}}]},"31":{"loc":{"start":{"line":215,"column":8},"end":{"line":222,"column":9}},"type":"if","locations":[{"start":{"line":215,"column":8},"end":{"line":222,"column":9}}]},"32":{"loc":{"start":{"line":241,"column":11},"end":{"line":330,"column":5}},"type":"if","locations":[{"start":{"line":241,"column":11},"end":{"line":330,"column":5}},{"start":{"line":295,"column":11},"end":{"line":330,"column":5}}]},"33":{"loc":{"start":{"line":241,"column":15},"end":{"line":241,"column":83}},"type":"binary-expr","locations":[{"start":{"line":241,"column":15},"end":{"line":241,"column":60}},{"start":{"line":241,"column":64},"end":{"line":241,"column":83}}]},"34":{"loc":{"start":{"line":242,"column":24},"end":{"line":242,"column":34}},"type":"binary-expr","locations":[{"start":{"line":242,"column":24},"end":{"line":242,"column":28}},{"start":{"line":242,"column":32},"end":{"line":242,"column":34}}]},"35":{"loc":{"start":{"line":245,"column":6},"end":{"line":252,"column":7}},"type":"if","locations":[{"start":{"line":245,"column":6},"end":{"line":252,"column":7}}]},"36":{"loc":{"start":{"line":255,"column":6},"end":{"line":262,"column":7}},"type":"if","locations":[{"start":{"line":255,"column":6},"end":{"line":262,"column":7}}]},"37":{"loc":{"start":{"line":270,"column":8},"end":{"line":277,"column":9}},"type":"if","locations":[{"start":{"line":270,"column":8},"end":{"line":277,"column":9}}]},"38":{"loc":{"start":{"line":295,"column":11},"end":{"line":330,"column":5}},"type":"if","locations":[{"start":{"line":295,"column":11},"end":{"line":330,"column":5}},{"start":{"line":314,"column":11},"end":{"line":330,"column":5}}]},"39":{"loc":{"start":{"line":314,"column":11},"end":{"line":330,"column":5}},"type":"if","locations":[{"start":{"line":314,"column":11},"end":{"line":330,"column":5}}]}},"s":{"0":1,"1":1,"2":1,"3":34,"4":34,"5":34,"6":34,"7":9,"8":9,"9":2,"10":32,"11":29,"12":1,"13":31,"14":24,"15":24,"16":1,"17":23,"18":30,"19":11,"20":11,"21":1,"22":10,"23":1,"24":9,"25":1,"26":8,"27":5,"28":5,"29":3,"30":2,"31":1,"32":1,"33":1,"34":0,"35":3,"36":3,"37":1,"38":2,"39":2,"40":1,"41":1,"42":19,"43":7,"44":7,"45":0,"46":7,"47":2,"48":5,"49":1,"50":4,"51":1,"52":3,"53":3,"54":2,"55":1,"56":1,"57":1,"58":1,"59":12,"60":5,"61":5,"62":1,"63":4,"64":1,"65":3,"66":3,"67":3,"68":2,"69":1,"70":1,"71":1,"72":1,"73":7,"74":2,"75":2,"76":1,"77":0,"78":1,"79":1,"80":1,"81":5,"82":2,"83":2,"84":1,"85":1,"86":1,"87":3,"88":3,"89":2,"90":3,"91":2,"92":1,"93":1},"f":{"0":34,"1":0,"2":3},"b":{"0":[9],"1":[34,26],"2":[2],"3":[29],"4":[1],"5":[1,0],"6":[1,0],"7":[24],"8":[31,26,14,7],"9":[1],"10":[1,0],"11":[11,19],"12":[30,25],"13":[11,0],"14":[1],"15":[1],"16":[1],"17":[5],"18":[3],"19":[5,2],"20":[1],"21":[1],"22":[1],"23":[2,1,1,1],"24":[7,12],"25":[19,14],"26":[7,0],"27":[0],"28":[2],"29":[1],"30":[1],"31":[1],"32":[5,7],"33":[12,7],"34":[5,0],"35":[1],"36":[1],"37":[1],"38":[2,5],"39":[2]}}
,"/home/runner/work/walk-to-mordor/walk-to-mordor/src/renderHtml.ts": {"path":"/home/runner/work/walk-to-mordor/walk-to-mordor/src/renderHtml.ts","statementMap":{"0":{"start":{"line":1,"column":0},"end":{"line":1,"column":16}},"1":{"start":{"line":2,"column":2},"end":{"line":64,"column":2}}},"fnMap":{"0":{"name":"renderHtml","decl":{"start":{"line":1,"column":16},"end":{"line":1,"column":26}},"loc":{"start":{"line":1,"column":49},"end":{"line":65,"column":1}}}},"branchMap":{"0":{"loc":{"start":{"line":51,"column":41},"end":{"line":51,"column":59}},"type":"binary-expr","locations":[{"start":{"line":51,"column":41},"end":{"line":51,"column":54}},{"start":{"line":51,"column":58},"end":{"line":51,"column":59}}]}},"s":{"0":2,"1":8},"f":{"0":8},"b":{"0":[8,1]}}
,"/home/runner/work/walk-to-mordor/walk-to-mordor/src/validators.ts": {"path":"/home/runner/work/walk-to-mordor/walk-to-mordor/src/validators.ts","statementMap":{"0":{"start":{"line":2,"column":0},"end":{"line":2,"column":16}},"1":{"start":{"line":32,"column":0},"end":{"line":32,"column":16}},"2":{"start":{"line":41,"column":0},"end":{"line":41,"column":7}},"3":{"start":{"line":62,"column":0},"end":{"line":62,"column":16}},"4":{"start":{"line":73,"column":0},"end":{"line":73,"column":16}},"5":{"start":{"line":81,"column":0},"end":{"line":81,"column":16}},"6":{"start":{"line":3,"column":2},"end":{"line":5,"column":3}},"7":{"start":{"line":4,"column":4},"end":{"line":4,"column":17}},"8":{"start":{"line":8,"column":20},"end":{"line":8,"column":41}},"9":{"start":{"line":9,"column":2},"end":{"line":11,"column":3}},"10":{"start":{"line":10,"column":4},"end":{"line":10,"column":17}},"11":{"start":{"line":14,"column":29},"end":{"line":14,"column":62}},"12":{"start":{"line":17,"column":2},"end":{"line":17,"column":47}},"13":{"start":{"line":17,"column":34},"end":{"line":17,"column":47}},"14":{"start":{"line":18,"column":2},"end":{"line":18,"column":44}},"15":{"start":{"line":18,"column":31},"end":{"line":18,"column":44}},"16":{"start":{"line":19,"column":2},"end":{"line":19,"column":40}},"17":{"start":{"line":19,"column":27},"end":{"line":19,"column":40}},"18":{"start":{"line":22,"column":15},"end":{"line":22,"column":45}},"19":{"start":{"line":23,"column":2},"end":{"line":25,"column":32}},"20":{"start":{"line":29,"column":27},"end":{"line":29,"column":36}},"21":{"start":{"line":33,"column":2},"end":{"line":33,"column":58}},"22":{"start":{"line":33,"column":45},"end":{"line":33,"column":58}},"23":{"start":{"line":34,"column":2},"end":{"line":34,"column":69}},"24":{"start":{"line":34,"column":56},"end":{"line":34,"column":69}},"25":{"start":{"line":36,"column":14},"end":{"line":36,"column":27}},"26":{"start":{"line":37,"column":2},"end":{"line":37,"column":79}},"27":{"start":{"line":42,"column":2},"end":{"line":58,"column":3}},"28":{"start":{"line":43,"column":17},"end":{"line":43,"column":37}},"29":{"start":{"line":44,"column":4},"end":{"line":46,"column":5}},"30":{"start":{"line":45,"column":6},"end":{"line":45,"column":64}},"31":{"start":{"line":48,"column":17},"end":{"line":48,"column":33}},"32":{"start":{"line":51,"column":4},"end":{"line":53,"column":5}},"33":{"start":{"line":52,"column":6},"end":{"line":52,"column":77}},"34":{"start":{"line":55,"column":4},"end":{"line":55,"column":35}},"35":{"start":{"line":57,"column":4},"end":{"line":57,"column":60}},"36":{"start":{"line":63,"column":2},"end":{"line":65,"column":3}},"37":{"start":{"line":64,"column":4},"end":{"line":64,"column":61}},"38":{"start":{"line":66,"column":2},"end":{"line":68,"column":3}},"39":{"start":{"line":67,"column":4},"end":{"line":67,"column":28}},"40":{"start":{"line":69,"column":2},"end":{"line":69,"column":15}},"41":{"start":{"line":74,"column":2},"end":{"line":77,"column":5}},"42":{"start":{"line":82,"column":2},"end":{"line":85,"column":5}}},"fnMap":{"0":{"name":"isValidDateFormat","decl":{"start":{"line":2,"column":16},"end":{"line":2,"column":33}},"loc":{"start":{"line":2,"column":52},"end":{"line":26,"column":1}}},"1":{"name":"isValidDistance","decl":{"start":{"line":32,"column":16},"end":{"line":32,"column":31}},"loc":{"start":{"line":32,"column":42},"end":{"line":38,"column":1}}},"2":{"name":"safeJsonParse","decl":{"start":{"line":41,"column":22},"end":{"line":41,"column":35}},"loc":{"start":{"line":41,"column":52},"end":{"line":59,"column":1}}},"3":{"name":"isValidMethod","decl":{"start":{"line":62,"column":16},"end":{"line":62,"column":29}},"loc":{"start":{"line":62,"column":62},"end":{"line":70,"column":1}}},"4":{"name":"createErrorResponse","decl":{"start":{"line":73,"column":16},"end":{"line":73,"column":35}},"loc":{"start":{"line":73,"column":71},"end":{"line":78,"column":1}}},"5":{"name":"createSuccessResponse","decl":{"start":{"line":81,"column":16},"end":{"line":81,"column":37}},"loc":{"start":{"line":81,"column":69},"end":{"line":86,"column":1}}}},"branchMap":{"0":{"loc":{"start":{"line":3,"column":2},"end":{"line":5,"column":3}},"type":"if","locations":[{"start":{"line":3,"column":2},"end":{"line":5,"column":3}}]},"1":{"loc":{"start":{"line":3,"column":6},"end":{"line":3,"column":51}},"type":"binary-expr","locations":[{"start":{"line":3,"column":6},"end":{"line":3,"column":17}},{"start":{"line":3,"column":21},"end":{"line":3,"column":51}}]},"2":{"loc":{"start":{"line":9,"column":2},"end":{"line":11,"column":3}},"type":"if","locations":[{"start":{"line":9,"column":2},"end":{"line":11,"column":3}}]},"3":{"loc":{"start":{"line":17,"column":2},"end":{"line":17,"column":47}},"type":"if","locations":[{"start":{"line":17,"column":2},"end":{"line":17,"column":47}}]},"4":{"loc":{"start":{"line":17,"column":6},"end":{"line":17,"column":32}},"type":"binary-expr","locations":[{"start":{"line":17,"column":6},"end":{"line":17,"column":17}},{"start":{"line":17,"column":21},"end":{"line":17,"column":32}}]},"5":{"loc":{"start":{"line":18,"column":2},"end":{"line":18,"column":44}},"type":"if","locations":[{"start":{"line":18,"column":2},"end":{"line":18,"column":44}}]},"6":{"loc":{"start":{"line":18,"column":6},"end":{"line":18,"column":29}},"type":"binary-expr","locations":[{"start":{"line":18,"column":6},"end":{"line":18,"column":15}},{"start":{"line":18,"column":19},"end":{"line":18,"column":29}}]},"7":{"loc":{"start":{"line":19,"column":2},"end":{"line":19,"column":40}},"type":"if","locations":[{"start":{"line":19,"column":2},"end":{"line":19,"column":40}}]},"8":{"loc":{"start":{"line":19,"column":6},"end":{"line":19,"column":25}},"type":"binary-expr","locations":[{"start":{"line":19,"column":6},"end":{"line":19,"column":13}},{"start":{"line":19,"column":17},"end":{"line":19,"column":25}}]},"9":{"loc":{"start":{"line":23,"column":9},"end":{"line":25,"column":31}},"type":"binary-expr","locations":[{"start":{"line":23,"column":9},"end":{"line":23,"column":36}},{"start":{"line":24,"column":9},"end":{"line":24,"column":38}},{"start":{"line":25,"column":9},"end":{"line":25,"column":31}}]},"10":{"loc":{"start":{"line":33,"column":2},"end":{"line":33,"column":58}},"type":"if","locations":[{"start":{"line":33,"column":2},"end":{"line":33,"column":58}}]},"11":{"loc":{"start":{"line":33,"column":6},"end":{"line":33,"column":43}},"type":"binary-expr","locations":[{"start":{"line":33,"column":6},"end":{"line":33,"column":20}},{"start":{"line":33,"column":24},"end":{"line":33,"column":43}}]},"12":{"loc":{"start":{"line":34,"column":2},"end":{"line":34,"column":69}},"type":"if","locations":[{"start":{"line":34,"column":2},"end":{"line":34,"column":69}}]},"13":{"loc":{"start":{"line":34,"column":6},"end":{"line":34,"column":54}},"type":"binary-expr","locations":[{"start":{"line":34,"column":6},"end":{"line":34,"column":31}},{"start":{"line":34,"column":35},"end":{"line":34,"column":54}}]},"14":{"loc":{"start":{"line":37,"column":9},"end":{"line":37,"column":78}},"type":"binary-expr","locations":[{"start":{"line":37,"column":9},"end":{"line":37,"column":20}},{"start":{"line":37,"column":24},"end":{"line":37,"column":37}},{"start":{"line":37,"column":41},"end":{"line":37,"column":49}},{"start":{"line":37,"column":53},"end":{"line":37,"column":78}}]},"15":{"loc":{"start":{"line":44,"column":4},"end":{"line":46,"column":5}},"type":"if","locations":[{"start":{"line":44,"column":4},"end":{"line":46,"column":5}}]},"16":{"loc":{"start":{"line":44,"column":8},"end":{"line":44,"column":35}},"type":"binary-expr","locations":[{"start":{"line":44,"column":8},"end":{"line":44,"column":13}},{"start":{"line":44,"column":17},"end":{"line":44,"column":35}}]},"17":{"loc":{"start":{"line":51,"column":4},"end":{"line":53,"column":5}},"type":"if","locations":[{"start":{"line":51,"column":4},"end":{"line":53,"column":5}}]},"18":{"loc":{"start":{"line":51,"column":8},"end":{"line":51,"column":49}},"type":"binary-expr","locations":[{"start":{"line":51,"column":8},"end":{"line":51,"column":32}},{"start":{"line":51,"column":36},"end":{"line":51,"column":49}}]},"19":{"loc":{"start":{"line":63,"column":2},"end":{"line":65,"column":3}},"type":"if","locations":[{"start":{"line":63,"column":2},"end":{"line":65,"column":3}}]},"20":{"loc":{"start":{"line":66,"column":2},"end":{"line":68,"column":3}},"type":"if","locations":[{"start":{"line":66,"column":2},"end":{"line":68,"column":3}}]},"21":{"loc":{"start":{"line":73,"column":51},"end":{"line":73,"column":71}},"type":"default-arg","locations":[{"start":{"line":73,"column":68},"end":{"line":73,"column":71}}]},"22":{"loc":{"start":{"line":81,"column":49},"end":{"line":81,"column":69}},"type":"default-arg","locations":[{"start":{"line":81,"column":66},"end":{"line":81,"column":69}}]}},"s":{"0":2,"1":2,"2":2,"3":2,"4":2,"5":2,"6":24,"7":5,"8":19,"9":19,"10":6,"11":13,"12":13,"13":1,"14":12,"15":2,"16":10,"17":2,"18":8,"19":8,"20":2,"21":19,"22":2,"23":17,"24":2,"25":15,"26":15,"27":6,"28":6,"29":6,"30":2,"31":4,"32":3,"33":2,"34":1,"35":1,"36":12,"37":6,"38":6,"39":4,"40":2,"41":3,"42":3},"f":{"0":24,"1":19,"2":6,"3":12,"4":3,"5":3},"b":{"0":[5],"1":[24,21],"2":[6],"3":[1],"4":[13,12],"5":[2],"6":[12,11],"7":[2],"8":[10,9],"9":[8,8,6],"10":[2],"11":[19,18],"12":[2],"13":[17,8],"14":[15,13,11,9],"15":[2],"16":[6,5],"17":[2],"18":[3,2],"19":[6],"20":[4],"21":[2],"22":[2]}}
}
